<?xml version="1.0" encoding="UTF-8" ?>
<testsuite errors="0" failures="0" hostname="sPyAir.lan" name="test.JUnitTest" skipped="0" tests="8" time="0.079" timestamp="2022-08-20T13:05:55">
  <properties>
[...]
</properties>
  <testcase classname="test.JUnitTest" name="testIncomingMessages" time="0.001" />
  <testcase classname="test.JUnitTest" name="testCPU" time="0.001" />
  <testcase classname="test.JUnitTest" name="testByteCode" time="0.0" />
  <testcase classname="test.JUnitTest" name="testLSFR" time="0.002" />
  <testcase classname="test.JUnitTest" name="testOutgoingMessages2ArduinoDequeLast" time="0.0" />
  <testcase classname="test.JUnitTest" name="testLogpath" time="0.0" />
  <testcase classname="test.JUnitTest" name="testConfiguresGetLast" time="0.0" />
  <testcase classname="test.JUnitTest" name="testEmotions" time="0.0" />
  <system-out><![CDATA[* JUnitTest: memoryTestIncomingMessages()
* JUnitTest: testCPU()
* JUnitTest: testByteCode()
* JUnitTest: testLSFR()
14
15
7
11
5
10
13
6
3
9
4
2
1
8
12
14
15
7
11
5
2
1
-127
-64
-32
112
56
-100
-50
103
-77
-39
-20
-10
-5
125
-66
95
47
23
-117
69
34
-111
72
-92
82
-87
-44
106
53
26
13
-122
-61
-31
112
56
-100
-50
103
51
25
12
6
3
1
-32767
-16384
-8192
28672
14336
7168
3584
-30976
17280
8640
-28448
18544
9272
4636
-30450
-15225
25155
-20191
-10096
27720
13860
-25838
19849
-22844
-11422
27057
-19240
23148
-21194
-10597
-5299
30118
-17709
-8855
-4428
-2214
31661
15830
-24853
-12427
26554
13277
6638
-29449
18043
-23747
20894
-22321
21607
10803
-27367
-13684
-6842
-3421
-1711
-856
32340
-16598
24469
12234
6117
3058
1529
-32004
-16002
-8001
28767
14383
7191
3595
-30971
17282
8641
-28448
18544
9272
4636
-30450
-15225
25155
-20191
-10096
27720
13860
-25838
19849
-22844
-11422
27057
-19240
23148
-21194
-10597
27469
-2147469914
1073748691
536874345
-1879046476
-939523238
1677722029
-1308622634
1493172331
746586165
-1774190566
1260388365
630194182
-1832386557
-916193279
-458096640
1918435328
959217664
-1667874816
-833937408
-416968704
1938999296
969499648
484749824
-1905108736
1194929280
-1550019008
-775009504
-387504752
1953731272
-1170618012
1562174642
-1366396327
1464285484
732142742
366071371
183035685
91517842
45758921
22879460
11439730
5719865
-2144623716
1075171790
-1609897753
-804948877
-402474439
1946246428
973123214
-1660922041
-830461021
-415230511
1939868392
-1177549452
-588774726
-294387363
-147193682
-73596841
-36798421
-18399211
-9199606
-4599803
-2299902
2146333697
1073166848
-1610900224
1342033536
-1476466880
1409250208
-1442858544
1426054376
-1434456460
1430255418
715127709
-1789919794
1252523751
-1521221773
-760610887
-380305444
-190152722
-95076361
-47538181
2123714557
-1085626370
1604670463
-1345148417
-672574209
1811196543
-1241885377
1526540959
-1384213169
1455377063
-1419795117
-709897559
-354948780
-177474390
-88737195
-44368598
2125299349
1062649674
-1616158811
-808079406
1743443945
871721972
-1711622662
-855811331
-427905666
-213952833
2040507231
1020253615
510126807
-1892420245
1201273525
-1546846886
1374060205
687030102
343515051
-1975726123
-987863062
1653552117
-1320707590
1487129853
743564926
-1775701185
1259633055
629816527
314908263
157454131
-2068756583
-1034378292
-517189146
-258594573
-129297287
2082835004
-1106066146
1594450575
797225287
398612643
199306321
99653160
-2097657068
1098655114
549327557
274663778
-2010151759
-1005075880
-502537940
-251268970
2021849163
1010924581
-1642021358
-821010679
1736978308
868489154
-1713239071
-856619536
1719173880
-1287896708
1503535294
-1395716001
-697858001
1798554647
-1248206325
-624103163
1835432066
917716033
458858016
229429008
-2032769144
-1016384572
1639291362
819645681
-1737660808
1278653244
-1508157026
1393405135
696702567
348351283
174175641
87087820
-2103939738
1095513779
547756889
273878444
136939222
68469611
34234805
-2130366246
1082300525
-1606333386
1344316955
-1475325171
1409821062
-1442573117
-721286559
1786840368
893420184
446710092
-1924128602
1185419347
* JUnitTest: memoryTestOutgoingMessages2ArduinoDequeLast()
* JUnitTest: testLogpath()
* JUnitTest: memoryTestConfiguresGetLast()
* JUnitTest: testEmotions()
]]></system-out>
  <system-err><![CDATA[8月 20, 2022 3:05:55 下午 AI.AIMemory <init>
SEVERE: null
java.lang.NullPointerException: Cannot invoke "jx.zero.debug.DebugPrintStream.println(String)" because "jx.zero.Debug.out" is null
	at jx.devices.pci.PCIGod.main(PCIGod.java:29)
	at AI.AIMemory.<init>(AIMemory.java:45)
	at test.JUnitTest.<clinit>(JUnitTest.java:24)
	at java.base/jdk.internal.reflect.NativeConstructorAccessorImpl.newInstance0(Native Method)
	at java.base/jdk.internal.reflect.NativeConstructorAccessorImpl.newInstance(NativeConstructorAccessorImpl.java:77)
	at java.base/jdk.internal.reflect.DelegatingConstructorAccessorImpl.newInstance(DelegatingConstructorAccessorImpl.java:45)
	at java.base/java.lang.reflect.Constructor.newInstanceWithCaller(Constructor.java:499)
	at java.base/java.lang.reflect.Constructor.newInstance(Constructor.java:480)
	at junit.framework.TestSuite.createTest(TestSuite.java:59)
	at junit.framework.TestSuite.addTestMethod(TestSuite.java:296)
	at junit.framework.TestSuite.addTestsFromTestCase(TestSuite.java:139)
	at junit.framework.TestSuite.<init>(TestSuite.java:118)
	at org.apache.tools.ant.taskdefs.optional.junit.JUnitTestRunner.run(JUnitTestRunner.java:504)
	at org.apache.tools.ant.taskdefs.optional.junit.JUnitTestRunner.launch(JUnitTestRunner.java:1196)
	at org.apache.tools.ant.taskdefs.optional.junit.JUnitTestRunner.main(JUnitTestRunner.java:1041)

8月 20, 2022 3:05:55 下午 test.JUnitTest testCPU
SEVERE: null
java.nio.file.NoSuchFileException: ~/Source/Risc-V/hello
	at java.base/sun.nio.fs.UnixException.translateToIOException(UnixException.java:92)
	at java.base/sun.nio.fs.UnixException.rethrowAsIOException(UnixException.java:106)
	at java.base/sun.nio.fs.UnixException.rethrowAsIOException(UnixException.java:111)
	at java.base/sun.nio.fs.UnixFileSystemProvider.newByteChannel(UnixFileSystemProvider.java:218)
	at java.base/java.nio.file.Files.newByteChannel(Files.java:380)
	at java.base/java.nio.file.Files.newByteChannel(Files.java:432)
	at java.base/java.nio.file.Files.readAllBytes(Files.java:3288)
	at test.JUnitTest.testCPU(JUnitTest.java:68)
	at java.base/jdk.internal.reflect.NativeMethodAccessorImpl.invoke0(Native Method)
	at java.base/jdk.internal.reflect.NativeMethodAccessorImpl.invoke(NativeMethodAccessorImpl.java:77)
	at java.base/jdk.internal.reflect.DelegatingMethodAccessorImpl.invoke(DelegatingMethodAccessorImpl.java:43)
	at java.base/java.lang.reflect.Method.invoke(Method.java:568)
	at junit.framework.TestCase.runTest(TestCase.java:177)
	at junit.framework.TestCase.runBare(TestCase.java:142)
	at junit.framework.TestResult$1.protect(TestResult.java:122)
	at junit.framework.TestResult.runProtected(TestResult.java:142)
	at junit.framework.TestResult.run(TestResult.java:125)
	at junit.framework.TestCase.run(TestCase.java:130)
	at junit.framework.TestSuite.runTest(TestSuite.java:241)
	at junit.framework.TestSuite.run(TestSuite.java:236)
	at org.apache.tools.ant.taskdefs.optional.junit.JUnitTestRunner.run(JUnitTestRunner.java:534)
	at org.apache.tools.ant.taskdefs.optional.junit.JUnitTestRunner.launch(JUnitTestRunner.java:1196)
	at org.apache.tools.ant.taskdefs.optional.junit.JUnitTestRunner.main(JUnitTestRunner.java:1041)

]]></system-err>
</testsuite>
