# JRE version: OpenJDK Runtime Environment Microsoft-11933201 (21.0.8+9) (build 21.0.8+9-LTS)
# Java VM: OpenJDK 64-Bit Server VM Microsoft-11933201 (21.0.8+9-LTS, mixed mode, sharing, tiered, compressed oops, compressed class ptrs, g1 gc, bsd-aarch64)
Heap:
 garbage-first heap   total 264192K, used 36560K [0x0000000700000000, 0x0000000800000000)
  region size 2048K, 6 young (12288K), 3 survivors (6144K)
 Metaspace       used 9885K, committed 10240K, reserved 1114112K
  class space    used 1320K, committed 1472K, reserved 1048576K
GC Heap History (8 events):
Event: 0.394 GC heap before
{Heap before GC invocations=0 (full 0):
 garbage-first heap   total 264192K, used 21536K [0x0000000700000000, 0x0000000800000000)
  region size 2048K, 11 young (22528K), 0 survivors (0K)
 Metaspace       used 4163K, committed 4352K, reserved 1114112K
  class space    used 467K, committed 576K, reserved 1048576K
}
Event: 0.396 GC heap after
{Heap after GC invocations=1 (full 0):
 garbage-first heap   total 264192K, used 3092K [0x0000000700000000, 0x0000000800000000)
  region size 2048K, 1 young (2048K), 1 survivors (2048K)
 Metaspace       used 4163K, committed 4352K, reserved 1114112K
  class space    used 467K, committed 576K, reserved 1048576K
}
Event: 0.831 GC heap before
{Heap before GC invocations=1 (full 0):
 garbage-first heap   total 264192K, used 64532K [0x0000000700000000, 0x0000000800000000)
  region size 2048K, 30 young (61440K), 1 survivors (2048K)
 Metaspace       used 9181K, committed 9408K, reserved 1114112K
  class space    used 1248K, committed 1344K, reserved 1048576K
}
Event: 0.834 GC heap after
{Heap after GC invocations=2 (full 0):
 garbage-first heap   total 264192K, used 9679K [0x0000000700000000, 0x0000000800000000)
  region size 2048K, 3 young (6144K), 3 survivors (6144K)
 Metaspace       used 9181K, committed 9408K, reserved 1114112K
  class space    used 1248K, committed 1344K, reserved 1048576K
}
Event: 0.965 GC heap before
{Heap before GC invocations=2 (full 0):
 garbage-first heap   total 264192K, used 181711K [0x0000000700000000, 0x0000000800000000)
  region size 2048K, 76 young (155648K), 3 survivors (6144K)
 Metaspace       used 9857K, committed 10112K, reserved 1114112K
  class space    used 1319K, committed 1472K, reserved 1048576K
}
Event: 0.967 GC heap after
{Heap after GC invocations=3 (full 0):
 garbage-first heap   total 264192K, used 31145K [0x0000000700000000, 0x0000000800000000)
  region size 2048K, 3 young (6144K), 3 survivors (6144K)
 Metaspace       used 9857K, committed 10112K, reserved 1114112K
  class space    used 1319K, committed 1472K, reserved 1048576K
}
Event: 1.004 GC heap before
{Heap before GC invocations=3 (full 0):
 garbage-first heap   total 264192K, used 180649K [0x0000000700000000, 0x0000000800000000)
  region size 2048K, 76 young (155648K), 3 survivors (6144K)
 Metaspace       used 9882K, committed 10240K, reserved 1114112K
  class space    used 1320K, committed 1472K, reserved 1048576K
}
Event: 1.006 GC heap after
{Heap after GC invocations=4 (full 0):
 garbage-first heap   total 264192K, used 30813K [0x0000000700000000, 0x0000000800000000)
  region size 2048K, 3 young (6144K), 3 survivors (6144K)
 Metaspace       used 9882K, committed 10240K, reserved 1114112K
  class space    used 1320K, committed 1472K, reserved 1048576K
}

